<?xml version="1.0" encoding="UTF-8" ?>
<testsuite failures="0" time="4.972" errors="0" skipped="0" tests="23" name="cat.quickdb.operations.OperationsTest">
  <properties>
[...]
</properties>
  <testcase time="0.08" classname="cat.quickdb.operations.OperationsTest" name="testSaveSimpleObject"/>
  <testcase time="0.087" classname="cat.quickdb.operations.OperationsTest" name="testSaveGetIndexSimple"/>
  <testcase time="0.462" classname="cat.quickdb.operations.OperationsTest" name="testSaveObtainModifyDeleteSimple"/>
  <testcase time="0.043" classname="cat.quickdb.operations.OperationsTest" name="testCreateTableSimple"/>
  <testcase time="0.728" classname="cat.quickdb.operations.OperationsTest" name="testSaveObtainModifyCollectionSimple"/>
  <testcase time="0.088" classname="cat.quickdb.operations.OperationsTest" name="testSaveObjectComposed"/>
  <testcase time="0.165" classname="cat.quickdb.operations.OperationsTest" name="testSaveCollectionComposed"/>
  <testcase time="0.109" classname="cat.quickdb.operations.OperationsTest" name="testSaveGetIndexComposed"/>
  <testcase time="0.254" classname="cat.quickdb.operations.OperationsTest" name="testSaveObtainModifyDeleteComposed"/>
  <testcase time="0.109" classname="cat.quickdb.operations.OperationsTest" name="testCreateTableComposed"/>
  <testcase time="0.099" classname="cat.quickdb.operations.OperationsTest" name="testSaveObjectComposedIntuitive"/>
  <testcase time="0.187" classname="cat.quickdb.operations.OperationsTest" name="testSaveModifyObjectComposedIntuitive"/>
  <testcase time="0.188" classname="cat.quickdb.operations.OperationsTest" name="testSaveObjectComposedCollectionIntuitive"/>
  <testcase time="0.109" classname="cat.quickdb.operations.OperationsTest" name="testSaveObjectSimpleIntuitive"/>
  <testcase time="0.047" classname="cat.quickdb.operations.OperationsTest" name="testSaveDeleteObjectSimpleIntuitive"/>
  <testcase time="0.274" classname="cat.quickdb.operations.OperationsTest" name="testSaveObtainModifyCollectionSimpleIntuitive"/>
  <testcase time="0.242" classname="cat.quickdb.operations.OperationsTest" name="testMany2ManyFunction"/>
  <testcase time="0.13" classname="cat.quickdb.operations.OperationsTest" name="testObtainAll"/>
  <testcase time="0.085" classname="cat.quickdb.operations.OperationsTest" name="testInheritanceWithAnnotation"/>
  <testcase time="0.209" classname="cat.quickdb.operations.OperationsTest" name="testSaveObtainModifyCompound"/>
  <testcase time="0.207" classname="cat.quickdb.operations.OperationsTest" name="testObjectsWithCollectionIntuitive"/>
  <testcase time="0.977" classname="cat.quickdb.operations.OperationsTest" name="testSaveObtainModifyCompoundCollection"/>
  <testcase time="0.044" classname="cat.quickdb.operations.OperationsTest" name="testPrimitives"/>
</testsuite>