<?xml version="1.0" encoding="UTF-8" ?>
<testsuite failures="0" time="5.493" errors="0" skipped="0" tests="12" name="cat.quickdb.date200912.TestsOperations">
  <properties>
[...]
</properties>
  <testcase time="0.156" classname="cat.quickdb.date200912.TestsOperations" name="testBinding"/>
  <testcase time="0.152" classname="cat.quickdb.date200912.TestsOperations" name="testDeleteParent"/>
  <testcase time="0.057" classname="cat.quickdb.date200912.TestsOperations" name="testQuerySystemWithInheritance"/>
  <testcase time="0.07" classname="cat.quickdb.date200912.TestsOperations" name="testNames"/>
  <testcase time="0.205" classname="cat.quickdb.date200912.TestsOperations" name="testModifyCollection"/>
  <testcase time="0.068" classname="cat.quickdb.date200912.TestsOperations" name="testInheritanceQuery"/>
  <testcase time="0.087" classname="cat.quickdb.date200912.TestsOperations" name="testLazyLoad"/>
  <testcase time="1.619" classname="cat.quickdb.date200912.TestsOperations" name="testCollectionModify"/>
  <testcase time="1.184" classname="cat.quickdb.date200912.TestsOperations" name="testCollectionDelete"/>
  <testcase time="0.939" classname="cat.quickdb.date200912.TestsOperations" name="completeDelete"/>
  <testcase time="0.893" classname="cat.quickdb.date200912.TestsOperations" name="testAtomicBlock"/>
  <testcase time="0.057" classname="cat.quickdb.date200912.TestsOperations" name="testReferenceNull"/>
</testsuite>